<?xml version="1.0" encoding="UTF-8"?>
<!-- Generated by org.testng.reporters.JUnitXMLReporter -->
<testsuite ignored="0" hostname="LAPTOP-NT62VGN0" failures="1" tests="9" name="Test" time="0.135" errors="0" timestamp="2022-09-10T09:22:13 EDT">
  <testcase classname="tests.Testing1" name="f" time="0.006"/>
  <testcase classname="tests.Testing1" name="f" time="0.001"/>
  <testcase classname="tests.Testing1" name="test1" time="0.001"/>
  <testcase classname="tests.Testing1" name="test2" time="0.001"/>
  <testcase classname="tests.Testing2" name="test3" time="0.003"/>
  <testcase classname="tests.Testing2" name="test4" time="0.002"/>
  <testcase classname="tests.Testing3" name="creatUser" time="0.015">
    <failure type="java.lang.AssertionError" message="Veryfing Element expected [true] but found [false]">
      <![CDATA[java.lang.AssertionError: Veryfing Element expected [true] but found [false]
at tests.Testing3.creatUser(Testing3.java:14)
at java.base/java.util.ArrayList.forEach(ArrayList.java:1511)
... Removed 30 stack frames]]>
    </failure>
  </testcase> <!-- creatUser -->
  <testcase classname="tests.Testing3" name="editUser" time="0.0">
    <skipped/>
  </testcase> <!-- editUser -->
  <testcase classname="tests.Testing3" name="deleteUser" time="0.0">
    <skipped/>
  </testcase> <!-- deleteUser -->
</testsuite> <!-- Test -->
